{
"contracts/Lottery.sol":{"l":{"61":0,"62":0,"63":0,"64":0,"65":0,"66":0,"67":0,"68":0,"72":0,"73":0,"75":0,"76":0,"99":0,"100":0,"101":0,"102":0,"103":0,"109":0,"110":0,"111":0,"120":0,"121":0,"129":0,"137":0,"138":0,"139":0,"140":0,"141":0,"142":0,"144":0,"146":0,"147":0,"150":0,"156":0,"160":0,"164":0,"168":0,"172":0,"176":0,"180":0,"184":0},"path":"/Users/martincapovcak/Documents/code/Web3/free-code-camp/hardhat-lottery/contracts/Lottery.sol","s":{"1":0,"2":0,"3":0,"4":0,"5":0,"6":0,"7":0,"8":0,"9":0,"10":0,"11":0,"12":0,"13":0,"14":0,"15":0,"16":0,"17":0,"18":0,"19":0,"20":0,"21":0,"22":0,"23":0,"24":0,"25":0,"26":0,"27":0,"28":0,"29":0,"30":0,"31":0,"32":0,"33":0,"34":0,"35":0,"36":0,"37":0,"38":0,"39":0},"b":{"1":[0,0],"2":[0,0],"3":[0,0],"4":[0,0]},"f":{"1":0,"2":0,"3":0,"4":0,"5":0,"6":0,"7":0,"8":0,"9":0,"10":0,"11":0,"12":0,"13":0},"fnMap":{"1":{"name":"constructor","line":60,"loc":{"start":{"line":53,"column":4},"end":{"line":69,"column":4}}},"2":{"name":"enterLottery","line":71,"loc":{"start":{"line":71,"column":4},"end":{"line":77,"column":4}}},"3":{"name":"checkUpkeep","line":88,"loc":{"start":{"line":88,"column":4},"end":{"line":104,"column":4}}},"4":{"name":"performUpkeep","line":106,"loc":{"start":{"line":106,"column":4},"end":{"line":130,"column":4}}},"5":{"name":"fulfillRandomWords","line":132,"loc":{"start":{"line":132,"column":4},"end":{"line":151,"column":4}}},"6":{"name":"getEntranceFee","line":155,"loc":{"start":{"line":155,"column":4},"end":{"line":157,"column":4}}},"7":{"name":"getPlayer","line":159,"loc":{"start":{"line":159,"column":4},"end":{"line":161,"column":4}}},"8":{"name":"getRecentWinner","line":163,"loc":{"start":{"line":163,"column":4},"end":{"line":165,"column":4}}},"9":{"name":"getLotteryState","line":167,"loc":{"start":{"line":167,"column":4},"end":{"line":169,"column":4}}},"10":{"name":"getNumWords","line":171,"loc":{"start":{"line":171,"column":4},"end":{"line":173,"column":4}}},"11":{"name":"getNumberOfPlayers","line":175,"loc":{"start":{"line":175,"column":4},"end":{"line":177,"column":4}}},"12":{"name":"getLatestTimestamp","line":179,"loc":{"start":{"line":179,"column":4},"end":{"line":181,"column":4}}},"13":{"name":"getRequestConfirmations","line":183,"loc":{"start":{"line":183,"column":4},"end":{"line":185,"column":4}}}},"statementMap":{"1":{"start":{"line":61,"column":8},"end":{"line":61,"column":35}},"2":{"start":{"line":62,"column":8},"end":{"line":62,"column":70}},"3":{"start":{"line":63,"column":8},"end":{"line":63,"column":27}},"4":{"start":{"line":64,"column":8},"end":{"line":64,"column":41}},"5":{"start":{"line":65,"column":8},"end":{"line":65,"column":45}},"6":{"start":{"line":66,"column":8},"end":{"line":66,"column":41}},"7":{"start":{"line":67,"column":8},"end":{"line":67,"column":40}},"8":{"start":{"line":68,"column":8},"end":{"line":68,"column":29}},"9":{"start":{"line":72,"column":8},"end":{"line":72,"column":82}},"10":{"start":{"line":73,"column":8},"end":{"line":73,"column":74}},"11":{"start":{"line":75,"column":8},"end":{"line":75,"column":42}},"12":{"start":{"line":76,"column":8},"end":{"line":76,"column":37}},"13":{"start":{"line":99,"column":8},"end":{"line":99,"column":59}},"14":{"start":{"line":100,"column":8},"end":{"line":100,"column":76}},"15":{"start":{"line":101,"column":8},"end":{"line":101,"column":48}},"16":{"start":{"line":102,"column":8},"end":{"line":102,"column":51}},"17":{"start":{"line":103,"column":8},"end":{"line":103,"column":72}},"18":{"start":{"line":109,"column":8},"end":{"line":109,"column":47}},"19":{"start":{"line":110,"column":8},"end":{"line":110,"column":3910}},"20":{"start":{"line":120,"column":8},"end":{"line":120,"column":48}},"21":{"start":{"line":121,"column":8},"end":{"line":121,"column":4292}},"22":{"start":{"line":129,"column":8},"end":{"line":129,"column":46}},"23":{"start":{"line":137,"column":8},"end":{"line":137,"column":66}},"24":{"start":{"line":138,"column":8},"end":{"line":138,"column":63}},"25":{"start":{"line":139,"column":8},"end":{"line":139,"column":36}},"26":{"start":{"line":140,"column":8},"end":{"line":140,"column":43}},"27":{"start":{"line":141,"column":8},"end":{"line":141,"column":41}},"28":{"start":{"line":142,"column":8},"end":{"line":142,"column":40}},"29":{"start":{"line":144,"column":8},"end":{"line":144,"column":78}},"30":{"start":{"line":146,"column":8},"end":{"line":146,"column":5322}},"31":{"start":{"line":150,"column":8},"end":{"line":150,"column":39}},"32":{"start":{"line":156,"column":8},"end":{"line":156,"column":28}},"33":{"start":{"line":160,"column":8},"end":{"line":160,"column":32}},"34":{"start":{"line":164,"column":8},"end":{"line":164,"column":29}},"35":{"start":{"line":168,"column":8},"end":{"line":168,"column":29}},"36":{"start":{"line":172,"column":8},"end":{"line":172,"column":24}},"37":{"start":{"line":176,"column":8},"end":{"line":176,"column":31}},"38":{"start":{"line":180,"column":8},"end":{"line":180,"column":30}},"39":{"start":{"line":184,"column":8},"end":{"line":184,"column":36}}},"branchMap":{"1":{"line":72,"type":"if","locations":[{"start":{"line":72,"column":8},"end":{"line":72,"column":8}},{"start":{"line":72,"column":8},"end":{"line":72,"column":8}}]},"2":{"line":73,"type":"if","locations":[{"start":{"line":73,"column":8},"end":{"line":73,"column":8}},{"start":{"line":73,"column":8},"end":{"line":73,"column":8}}]},"3":{"line":110,"type":"if","locations":[{"start":{"line":110,"column":8},"end":{"line":110,"column":8}},{"start":{"line":110,"column":8},"end":{"line":110,"column":8}}]},"4":{"line":146,"type":"if","locations":[{"start":{"line":146,"column":8},"end":{"line":146,"column":8}},{"start":{"line":146,"column":8},"end":{"line":146,"column":8}}]}}},
"contracts/test/VRFCoordinatorV2Mock.sol":{"l":{},"path":"/Users/martincapovcak/Documents/code/Web3/free-code-camp/hardhat-lottery/contracts/test/VRFCoordinatorV2Mock.sol","s":{},"b":{},"f":{},"fnMap":{},"statementMap":{},"branchMap":{}}}
