TN:
SF:/Users/martincapovcak/Documents/code/Web3/free-code-camp/hardhat-lottery/contracts/Lottery.sol
FN:60,constructor
FN:71,enterLottery
FN:88,checkUpkeep
FN:106,performUpkeep
FN:132,fulfillRandomWords
FN:155,getEntranceFee
FN:159,getPlayer
FN:163,getRecentWinner
FN:167,getLotteryState
FN:171,getNumWords
FN:175,getNumberOfPlayers
FN:179,getLatestTimestamp
FN:183,getRequestConfirmations
FNF:13
FNH:0
FNDA:0,constructor
FNDA:0,enterLottery
FNDA:0,checkUpkeep
FNDA:0,performUpkeep
FNDA:0,fulfillRandomWords
FNDA:0,getEntranceFee
FNDA:0,getPlayer
FNDA:0,getRecentWinner
FNDA:0,getLotteryState
FNDA:0,getNumWords
FNDA:0,getNumberOfPlayers
FNDA:0,getLatestTimestamp
FNDA:0,getRequestConfirmations
DA:61,0
DA:62,0
DA:63,0
DA:64,0
DA:65,0
DA:66,0
DA:67,0
DA:68,0
DA:72,0
DA:73,0
DA:75,0
DA:76,0
DA:99,0
DA:100,0
DA:101,0
DA:102,0
DA:103,0
DA:109,0
DA:110,0
DA:111,0
DA:120,0
DA:121,0
DA:129,0
DA:137,0
DA:138,0
DA:139,0
DA:140,0
DA:141,0
DA:142,0
DA:144,0
DA:146,0
DA:147,0
DA:150,0
DA:156,0
DA:160,0
DA:164,0
DA:168,0
DA:172,0
DA:176,0
DA:180,0
DA:184,0
LF:41
LH:0
BRDA:72,1,0,0
BRDA:72,1,1,0
BRDA:73,2,0,0
BRDA:73,2,1,0
BRDA:110,3,0,0
BRDA:110,3,1,0
BRDA:146,4,0,0
BRDA:146,4,1,0
BRF:8
BRH:0
end_of_record
TN:
SF:/Users/martincapovcak/Documents/code/Web3/free-code-camp/hardhat-lottery/contracts/test/VRFCoordinatorV2Mock.sol
FNF:0
FNH:0
LF:0
LH:0
BRF:0
BRH:0
end_of_record
